<?xml version="1.0" encoding="UTF-8"?>
<!-- Generated by org.testng.reporters.JUnitXMLReporter -->
<testsuite ignored="0" hostname="DESKTOP-8L8L7VH" failures="0" tests="3" name="Users" time="0.099" errors="0" timestamp="2022-11-08T11:27:26 IST">
  <testcase classname="com.sgtesting.parameters.Users" name="createUser" time="0.011"/>
  <testcase classname="com.sgtesting.parameters.Users" name="deleteUser" time="0.002"/>
  <testcase classname="com.sgtesting.parameters.Users" name="modifyUser" time="0.006"/>
</testsuite> <!-- Users -->
