<?xml version="1.0" encoding="UTF-8"?>
<!-- Generated by org.testng.reporters.JUnitXMLReporter -->
<testsuite ignored="0" hostname="DESKTOP-8L8L7VH" failures="0" tests="3" name="Default test" time="0.102" errors="0" timestamp="2022-11-09T15:59:11 IST">
  <testcase classname="com.sgtestion.condition.DependsOnMethodsCOndition" name="createUser" time="0.007"/>
  <testcase classname="com.sgtestion.condition.DependsOnMethodsCOndition" name="deleteUser" time="0.003"/>
  <testcase classname="com.sgtestion.condition.DependsOnMethodsCOndition" name="modifyUser" time="0.002"/>
</testsuite> <!-- Default test -->
