<?xml version="1.0" encoding="UTF-8"?>
<testng-results ignored="0" total="3" passed="3" failed="0" skipped="0">
  <reporter-output>
  </reporter-output>
  <suite started-at="2022-11-09T15:59:11 IST" name="Default suite" finished-at="2022-11-09T15:59:11 IST" duration-ms="102">
    <groups>
    </groups>
    <test started-at="2022-11-09T15:59:11 IST" name="Default test" finished-at="2022-11-09T15:59:11 IST" duration-ms="102">
      <class name="com.sgtestion.condition.DependsOnMethodsCOndition">
        <test-method is-config="true" signature="setUp()[pri:0, instance:com.sgtestion.condition.DependsOnMethodsCOndition@4944252c]" started-at="2022-11-09T15:59:11 IST" name="setUp" finished-at="2022-11-09T15:59:11 IST" duration-ms="12" status="PASS">
          <reporter-output>
          </reporter-output>
        </test-method> <!-- setUp -->
        <test-method signature="createUser()[pri:0, instance:com.sgtestion.condition.DependsOnMethodsCOndition@4944252c]" started-at="2022-11-09T15:59:11 IST" name="createUser" finished-at="2022-11-09T15:59:11 IST" duration-ms="7" status="PASS">
          <reporter-output>
          </reporter-output>
        </test-method> <!-- createUser -->
        <test-method signature="deleteUser()[pri:0, instance:com.sgtestion.condition.DependsOnMethodsCOndition@4944252c]" started-at="2022-11-09T15:59:11 IST" name="deleteUser" finished-at="2022-11-09T15:59:11 IST" duration-ms="3" status="PASS">
          <reporter-output>
          </reporter-output>
        </test-method> <!-- deleteUser -->
        <test-method signature="modifyUser()[pri:0, instance:com.sgtestion.condition.DependsOnMethodsCOndition@4944252c]" started-at="2022-11-09T15:59:11 IST" name="modifyUser" finished-at="2022-11-09T15:59:11 IST" depends-on-methods="com.sgtestion.condition.DependsOnMethodsCOndition.createUser" duration-ms="2" status="PASS">
          <reporter-output>
          </reporter-output>
        </test-method> <!-- modifyUser -->
        <test-method is-config="true" signature="tearDown()[pri:0, instance:com.sgtestion.condition.DependsOnMethodsCOndition@4944252c]" started-at="2022-11-09T15:59:11 IST" name="tearDown" finished-at="2022-11-09T15:59:11 IST" duration-ms="0" status="PASS">
          <reporter-output>
          </reporter-output>
        </test-method> <!-- tearDown -->
      </class> <!-- com.sgtestion.condition.DependsOnMethodsCOndition -->
    </test> <!-- Default test -->
  </suite> <!-- Default suite -->
</testng-results>
