<?xml version="1.0" encoding="UTF-8"?>
<!-- Generated by org.testng.reporters.JUnitXMLReporter -->
<testsuite ignored="0" hostname="DESKTOP-8L8L7VH" failures="0" tests="6" name="Test cases" time="0.122" errors="0" timestamp="2022-11-08T11:06:41 IST">
  <testcase classname="com.sgtesting.users.Users" name="createUser" time="0.011"/>
  <testcase classname="com.sgtesting.users.Users" name="deleteUser" time="0.002"/>
  <testcase classname="com.sgtesting.users.Users" name="modifyUser" time="0.006"/>
  <testcase classname="com.sgtesting.products.Products" name="createProduct" time="0.004"/>
  <testcase classname="com.sgtesting.products.Products" name="deleteProduct" time="0.002"/>
  <testcase classname="com.sgtesting.products.Products" name="modifyProduct" time="0.003"/>
</testsuite> <!-- Test cases -->
