<?xml version="1.0" encoding="UTF-8"?>
<!-- Generated by org.testng.reporters.JUnitXMLReporter -->
<testsuite ignored="0" hostname="DESKTOP-8L8L7VH" failures="0" tests="3" name="Products" time="0.027" errors="0" timestamp="2022-11-08T11:19:23 IST">
  <testcase classname="com.sgtesting.products.Products" name="createProduct" time="0.003"/>
  <testcase classname="com.sgtesting.products.Products" name="deleteProduct" time="0.002"/>
  <testcase classname="com.sgtesting.products.Products" name="modifyProduct" time="0.004"/>
</testsuite> <!-- Products -->
