<?xml version="1.0" encoding="UTF-8"?>
<!-- Generated by org.testng.reporters.JUnitXMLReporter -->
<testsuite ignored="0" hostname="DESKTOP-8L8L7VH" failures="0" tests="3" name="Users" time="0.096" errors="0" timestamp="2022-11-08T11:19:23 IST">
  <testcase classname="com.sgtesting.users.Users" name="createUser" time="0.008"/>
  <testcase classname="com.sgtesting.users.Users" name="deleteUser" time="0.005"/>
  <testcase classname="com.sgtesting.users.Users" name="modifyUser" time="0.004"/>
</testsuite> <!-- Users -->
