<?xml version="1.0" encoding="UTF-8"?>
<!-- Generated by org.testng.reporters.JUnitXMLReporter -->
<testsuite ignored="1" hostname="DESKTOP-8L8L7VH" failures="0" tests="2" name="Test cases" time="0.079" errors="0" timestamp="2022-11-08T11:15:51 IST">
  <testcase classname="com.sgtesting.users.Users" name="deleteUser" time="0.009"/>
  <testcase classname="com.sgtesting.users.Users" name="modifyUser" time="0.003"/>
  <testcase classname="com.sgtesting.users.Users" name="createUser" time="0.0">
    <ignored/>
  </testcase> <!-- createUser -->
</testsuite> <!-- Test cases -->
